<?xml version="1.0" encoding="utf-8"?>
<test-run id="2" name="readonly-bytes.exe" fullname="D:/прога/ulearn/прога 2 сем/hashes-readonly-bytes.csproj/bin/Debug/readonly-bytes.exe" testcasecount="14" result="Failed" start-time="2021-03-11 08:30:22Z" end-time="2021-03-11 08:30:34Z" duration="12.355120" total="14" passed="11" failed="3" inconclusive="0" skipped="0" asserts="28" random-seed="38698692">
  <command-line><![CDATA["D:\прога\ulearn\прога 2 сем\hashes-readonly-bytes.csproj\bin\Debug\readonly-bytes.exe" ]]></command-line>
  <filter />
  <test-suite type="Assembly" id="1016" name="readonly-bytes.exe" fullname="D:/прога/ulearn/прога 2 сем/hashes-readonly-bytes.csproj/bin/Debug/readonly-bytes.exe" runstate="Runnable" testcasecount="14" result="Failed" site="Child" start-time="2021-03-11 08:30:22Z" end-time="2021-03-11 08:30:34Z" duration="12.355120" total="14" passed="11" failed="3" warnings="0" inconclusive="0" skipped="0" asserts="28">
    <environment framework-version="3.6.0.0" clr-version="4.0.30319.42000" os-version="Microsoft Windows NT 6.2.9200.0" platform="Win32NT" cwd="D:\прога\ulearn\прога 2 сем\hashes-readonly-bytes.csproj\bin\Debug" machine-name="DESKTOP-SVC8GHR" user="user" user-domain="DESKTOP-SVC8GHR" culture="ru-RU" uiculture="ru-RU" os-architecture="x86" />
    <settings>
      <setting name="WorkDirectory" value="D:\прога\ulearn\прога 2 сем\hashes-readonly-bytes.csproj\bin\Debug" />
      <setting name="NumberOfTestWorkers" value="8" />
    </settings>
    <properties>
      <property name="_PID" value="17216" />
      <property name="_APPDOMAIN" value="readonly-bytes.exe" />
    </properties>
    <failure>
      <message><![CDATA[One or more child tests had errors]]></message>
    </failure>
    <test-suite type="TestSuite" id="1017" name="hashes" fullname="hashes" runstate="Runnable" testcasecount="14" result="Failed" site="Child" start-time="2021-03-11 08:30:22Z" end-time="2021-03-11 08:30:34Z" duration="12.336391" total="14" passed="11" failed="3" warnings="0" inconclusive="0" skipped="0" asserts="28">
      <failure>
        <message><![CDATA[One or more child tests had errors]]></message>
      </failure>
      <test-suite type="TestFixture" id="1000" name="ReadonlyBytesTests" fullname="hashes.ReadonlyBytesTests" classname="hashes.ReadonlyBytesTests" runstate="Runnable" testcasecount="14" result="Failed" site="Child" start-time="2021-03-11 08:30:22Z" end-time="2021-03-11 08:30:34Z" duration="12.331317" total="14" passed="11" failed="3" warnings="0" inconclusive="0" skipped="0" asserts="28">
        <failure>
          <message><![CDATA[One or more child tests had errors]]></message>
        </failure>
        <test-case id="1001" name="Creation" fullname="hashes.ReadonlyBytesTests.Creation" methodname="Creation" classname="hashes.ReadonlyBytesTests" runstate="Runnable" seed="1452880444" result="Passed" start-time="2021-03-11 08:30:22Z" end-time="2021-03-11 08:30:22Z" duration="0.006827" asserts="0" />
        <test-case id="1002" name="CreationException" fullname="hashes.ReadonlyBytesTests.CreationException" methodname="CreationException" classname="hashes.ReadonlyBytesTests" runstate="Runnable" seed="851326425" result="Failed" start-time="2021-03-11 08:30:22Z" end-time="2021-03-11 08:30:24Z" duration="2.224213" asserts="1">
          <failure>
            <message><![CDATA[  Expected: <System.ArgumentNullException>
  But was:  <System.ArgumentException: Значение не попадает в ожидаемый диапазон.
   в hashes.ReadonlyBytes..ctor(Byte[] a) в D:\прога\ulearn\прога 2 сем\hashes-readonly-bytes.csproj\ReadonlyBytes.cs:строка 23
   в hashes.ReadonlyBytesTests.<>c.<CreationException>b__1_0() в D:\прога\ulearn\прога 2 сем\hashes-readonly-bytes.csproj\ReadonlyBytesTests.cs:строка 20
   в NUnit.Framework.Assert.Throws(IResolveConstraint expression, TestDelegate code, String message, Object[] args)>
]]></message>
            <stack-trace><![CDATA[в hashes.ReadonlyBytesTests.CreationException() в D:\прога\ulearn\прога 2 сем\hashes-readonly-bytes.csproj\ReadonlyBytesTests.cs:строка 20
]]></stack-trace>
          </failure>
          <assertions>
            <assertion result="Failed">
              <message><![CDATA[  Expected: <System.ArgumentNullException>
  But was:  <System.ArgumentException: Значение не попадает в ожидаемый диапазон.
   в hashes.ReadonlyBytes..ctor(Byte[] a) в D:\прога\ulearn\прога 2 сем\hashes-readonly-bytes.csproj\ReadonlyBytes.cs:строка 23
   в hashes.ReadonlyBytesTests.<>c.<CreationException>b__1_0() в D:\прога\ulearn\прога 2 сем\hashes-readonly-bytes.csproj\ReadonlyBytesTests.cs:строка 20
   в NUnit.Framework.Assert.Throws(IResolveConstraint expression, TestDelegate code, String message, Object[] args)>
]]></message>
              <stack-trace><![CDATA[в hashes.ReadonlyBytesTests.CreationException() в D:\прога\ulearn\прога 2 сем\hashes-readonly-bytes.csproj\ReadonlyBytesTests.cs:строка 20
]]></stack-trace>
            </assertion>
          </assertions>
        </test-case>
        <test-case id="1006" name="Enumeration" fullname="hashes.ReadonlyBytesTests.Enumeration" methodname="Enumeration" classname="hashes.ReadonlyBytesTests" runstate="Runnable" seed="449562471" result="Passed" start-time="2021-03-11 08:30:24Z" end-time="2021-03-11 08:30:24Z" duration="0.017705" asserts="1" />
        <test-case id="1007" name="EqualOnSameBytes" fullname="hashes.ReadonlyBytesTests.EqualOnSameBytes" methodname="EqualOnSameBytes" classname="hashes.ReadonlyBytesTests" runstate="Runnable" seed="445555132" result="Passed" start-time="2021-03-11 08:30:24Z" end-time="2021-03-11 08:30:24Z" duration="0.006095" asserts="4" />
        <test-case id="1013" name="HashCode" fullname="hashes.ReadonlyBytesTests.HashCode" methodname="HashCode" classname="hashes.ReadonlyBytesTests" runstate="Runnable" seed="1687341007" result="Failed" label="Error" start-time="2021-03-11 08:30:24Z" end-time="2021-03-11 08:30:26Z" duration="1.562427" asserts="1">
          <failure>
            <message><![CDATA[System.OverflowException : Переполнение в результате выполнения арифметической операции.]]></message>
            <stack-trace><![CDATA[   в hashes.ReadonlyBytes.GetHashCode() в D:\прога\ulearn\прога 2 сем\hashes-readonly-bytes.csproj\ReadonlyBytes.cs:строка 42
   в hashes.ReadonlyBytesTests.HashCode() в D:\прога\ulearn\прога 2 сем\hashes-readonly-bytes.csproj\ReadonlyBytesTests.cs:строка 100]]></stack-trace>
          </failure>
        </test-case>
        <test-case id="1004" name="Indexer" fullname="hashes.ReadonlyBytesTests.Indexer" methodname="Indexer" classname="hashes.ReadonlyBytesTests" runstate="Runnable" seed="89425868" result="Passed" start-time="2021-03-11 08:30:26Z" end-time="2021-03-11 08:30:26Z" duration="0.000719" asserts="3" />
        <test-case id="1005" name="IndexOutOfRangeException" fullname="hashes.ReadonlyBytesTests.IndexOutOfRangeException" methodname="IndexOutOfRangeException" classname="hashes.ReadonlyBytesTests" runstate="Runnable" seed="245902793" result="Passed" start-time="2021-03-11 08:30:26Z" end-time="2021-03-11 08:30:31Z" duration="4.935731" asserts="1" />
        <test-case id="1003" name="Length" fullname="hashes.ReadonlyBytesTests.Length" methodname="Length" classname="hashes.ReadonlyBytesTests" runstate="Runnable" seed="1529659223" result="Passed" start-time="2021-03-11 08:30:31Z" end-time="2021-03-11 08:30:31Z" duration="0.000616" asserts="1" />
        <test-case id="1015" name="MassiveCallToGetHashCodeOfLargeBytesArray" fullname="hashes.ReadonlyBytesTests.MassiveCallToGetHashCodeOfLargeBytesArray" methodname="MassiveCallToGetHashCodeOfLargeBytesArray" classname="hashes.ReadonlyBytesTests" runstate="Runnable" seed="1472596269" result="Failed" label="Error" start-time="2021-03-11 08:30:31Z" end-time="2021-03-11 08:30:34Z" duration="3.506562" asserts="0">
          <failure>
            <message><![CDATA[System.OverflowException : Переполнение в результате выполнения арифметической операции.]]></message>
            <stack-trace><![CDATA[   в hashes.ReadonlyBytes.GetHashCode() в D:\прога\ulearn\прога 2 сем\hashes-readonly-bytes.csproj\ReadonlyBytes.cs:строка 42
   в hashes.ReadonlyBytesTests.MassiveCallToGetHashCodeOfLargeBytesArray() в D:\прога\ulearn\прога 2 сем\hashes-readonly-bytes.csproj\ReadonlyBytesTests.cs:строка 123]]></stack-trace>
          </failure>
        </test-case>
        <test-case id="1008" name="NotEqualIfBytesDiffer" fullname="hashes.ReadonlyBytesTests.NotEqualIfBytesDiffer" methodname="NotEqualIfBytesDiffer" classname="hashes.ReadonlyBytesTests" runstate="Runnable" seed="813969518" result="Passed" start-time="2021-03-11 08:30:34Z" end-time="2021-03-11 08:30:34Z" duration="0.002325" asserts="4" />
        <test-suite type="ParameterizedMethod" id="1012" name="NotEqualWithOtherTypes" fullname="hashes.ReadonlyBytesTests.NotEqualWithOtherTypes" classname="hashes.ReadonlyBytesTests" runstate="Runnable" testcasecount="3" result="Passed" start-time="2021-03-11 08:30:34Z" end-time="2021-03-11 08:30:34Z" duration="0.014914" total="3" passed="3" failed="0" warnings="0" inconclusive="0" skipped="0" asserts="9">
          <test-case id="1009" name="NotEqualWithOtherTypes(System.Byte[])" fullname="hashes.ReadonlyBytesTests.NotEqualWithOtherTypes(System.Byte[])" methodname="NotEqualWithOtherTypes" classname="hashes.ReadonlyBytesTests" runstate="Runnable" seed="812912989" result="Passed" start-time="2021-03-11 08:30:34Z" end-time="2021-03-11 08:30:34Z" duration="0.000679" asserts="3" />
          <test-case id="1010" name="NotEqualWithOtherTypes(System.Byte[])" fullname="hashes.ReadonlyBytesTests.NotEqualWithOtherTypes(System.Byte[])" methodname="NotEqualWithOtherTypes" classname="hashes.ReadonlyBytesTests" runstate="Runnable" seed="837863041" result="Passed" start-time="2021-03-11 08:30:34Z" end-time="2021-03-11 08:30:34Z" duration="0.000137" asserts="3" />
          <test-case id="1011" name="NotEqualWithOtherTypes(System.Byte[])" fullname="hashes.ReadonlyBytesTests.NotEqualWithOtherTypes(System.Byte[])" methodname="NotEqualWithOtherTypes" classname="hashes.ReadonlyBytesTests" runstate="Runnable" seed="2079548331" result="Passed" start-time="2021-03-11 08:30:34Z" end-time="2021-03-11 08:30:34Z" duration="0.000147" asserts="3" />
        </test-suite>
        <test-case id="1014" name="ToStringIsOverridden" fullname="hashes.ReadonlyBytesTests.ToStringIsOverridden" methodname="ToStringIsOverridden" classname="hashes.ReadonlyBytesTests" runstate="Runnable" seed="1807560739" result="Passed" start-time="2021-03-11 08:30:34Z" end-time="2021-03-11 08:30:34Z" duration="0.001030" asserts="3" />
      </test-suite>
    </test-suite>
  </test-suite>
</test-run>